<?xml version="1.0" encoding="UTF-8"?>
<!-- Generated by org.testng.reporters.JUnitReportReporter -->
<testsuite skipped="0" hostname="Ashish-PC" name="com.orangehrm.qa.testcases.Loginpagetest" tests="2" failures="0" timestamp="20 Sep 2019 16:53:49 GMT" time="53.907" errors="0">
  <testcase name="verifylogintest" time="20.744" classname="com.orangehrm.qa.testcases.Loginpagetest"/>
  <testcase name="gettittle" time="33.163" classname="com.orangehrm.qa.testcases.Loginpagetest"/>
</testsuite> <!-- com.orangehrm.qa.testcases.Loginpagetest -->
